0 info it worked if it ends with ok
1 verbose cli [ 'D:\\Program Files\\nodejs\\node.exe',
1 verbose cli   'D:\\Program Files\\nodejs\\node_modules\\npm\\bin\\npm-cli.js',
1 verbose cli   'run',
1 verbose cli   'server' ]
2 info using npm@3.10.10
3 info using node@v6.10.2
4 verbose run-script [ 'preserver', 'server', 'postserver' ]
5 info lifecycle kwp_angularapp@1.0.0~preserver: kwp_angularapp@1.0.0
6 silly lifecycle kwp_angularapp@1.0.0~preserver: no script for preserver, continuing
7 info lifecycle kwp_angularapp@1.0.0~server: kwp_angularapp@1.0.0
8 verbose lifecycle kwp_angularapp@1.0.0~server: unsafe-perm in lifecycle true
9 verbose lifecycle kwp_angularapp@1.0.0~server: PATH: D:\Program Files\nodejs\node_modules\npm\bin\node-gyp-bin;C:\Users\student.MATHOS\Desktop\New folder\kwp_angularapp_continued5\node_modules\.bin;C:\Program Files\Haskell\bin;C:\Program Files\Haskell Platform\8.0.2\lib\extralibs\bin;C:\Program Files\Haskell Platform\8.0.2\bin;C:\ProgramData\Oracle\Java\javapath;C:\Program Files (x86)\Intel\iCLS Client\;C:\Program Files\Intel\iCLS Client\;C:\Windows\system32;C:\Windows;C:\Windows\System32\Wbem;C:\Windows\System32\WindowsPowerShell\v1.0\;C:\Program Files (x86)\Intel\OpenCL SDK\3.0\bin\x86;C:\Program Files (x86)\Intel\OpenCL SDK\3.0\bin\x64;C:\SWTOOLS\ReadyApps;C:\Program Files (x86)\Common Files\Lenovo;C:\Program Files\Intel\Intel(R) Management Engine Components\DAL;C:\Program Files\Intel\Intel(R) Management Engine Components\IPT;C:\Program Files (x86)\Intel\Intel(R) Management Engine Components\DAL;C:\Program Files (x86)\Intel\Intel(R) Management Engine Components\IPT;C:\Program Files (x86)\MiKTeX 2.9\miktex\bin\;C:\Program Files\Anaconda3;C:\Program Files\Anaconda3\Scripts;C:\Program Files\Anaconda3\Library\bin;C:\Program Files\MATLAB\R2016a\runtime\win64;C:\Program Files\MATLAB\R2016a\bin;C:\Program Files\MATLAB\R2016a\polyspace\bin;C:\Program Files\Haskell Platform\8.0.2\mingw\bin;D:\Program Files\nodejs\;C:\Program Files\Heroku\bin;C:\Users\student.MATHOS\AppData\Local\Programs\Git\bin;C:\Program Files (x86)\Intel\iCLS Client\;C:\Program Files\Intel\iCLS Client\;C:\Windows\system32;C:\Windows;C:\Windows\System32\Wbem;C:\Windows\System32\WindowsPowerShell\v1.0\;C:\Program Files (x86)\Intel\OpenCL SDK\3.0\bin\x86;C:\Program Files (x86)\Intel\OpenCL SDK\3.0\bin\x64;C:\SWTOOLS\ReadyApps;C:\Program Files (x86)\Common Files\Lenovo;C:\Program Files\Intel\Intel(R) Management Engine Components\DAL;C:\Program Files\Intel\Intel(R) Management Engine Components\IPT;C:\Program Files (x86)\Intel\Intel(R) Management Engine Components\DAL;C:\Program Files (x86)\Intel\Intel(R) Management Engine Components\IPT;C:\Program Files\MATLAB\R2013a\runtime\win64;C:\Program Files\MATLAB\R2013a\bin;C:\Program Files (x86)\MiKTeX 2.9\miktex\bin\;C:\Users\student.MATHOS\AppData\Local\Code\bin;C:\Users\student.MATHOS\AppData\Roaming\npm
10 verbose lifecycle kwp_angularapp@1.0.0~server: CWD: C:\Users\student.MATHOS\Desktop\New folder\kwp_angularapp_continued5
11 silly lifecycle kwp_angularapp@1.0.0~server: Args: [ '/d /s /c', 'node server/server.js' ]
12 silly lifecycle kwp_angularapp@1.0.0~server: Returned: code: 3221225786  signal: null
13 info lifecycle kwp_angularapp@1.0.0~server: Failed to exec server script
14 verbose stack Error: kwp_angularapp@1.0.0 server: `node server/server.js`
14 verbose stack Exit status 3221225786
14 verbose stack     at EventEmitter.<anonymous> (D:\Program Files\nodejs\node_modules\npm\lib\utils\lifecycle.js:255:16)
14 verbose stack     at emitTwo (events.js:106:13)
14 verbose stack     at EventEmitter.emit (events.js:191:7)
14 verbose stack     at ChildProcess.<anonymous> (D:\Program Files\nodejs\node_modules\npm\lib\utils\spawn.js:40:14)
14 verbose stack     at emitTwo (events.js:106:13)
14 verbose stack     at ChildProcess.emit (events.js:191:7)
14 verbose stack     at maybeClose (internal/child_process.js:886:16)
14 verbose stack     at Process.ChildProcess._handle.onexit (internal/child_process.js:226:5)
15 verbose pkgid kwp_angularapp@1.0.0
16 verbose cwd C:\Users\student.MATHOS\Desktop\New folder\kwp_angularapp_continued5\server
17 error Windows_NT 6.1.7601
18 error argv "D:\\Program Files\\nodejs\\node.exe" "D:\\Program Files\\nodejs\\node_modules\\npm\\bin\\npm-cli.js" "run" "server"
19 error node v6.10.2
20 error npm  v3.10.10
21 error code ELIFECYCLE
22 error kwp_angularapp@1.0.0 server: `node server/server.js`
22 error Exit status 3221225786
23 error Failed at the kwp_angularapp@1.0.0 server script 'node server/server.js'.
23 error Make sure you have the latest version of node.js and npm installed.
23 error If you do, this is most likely a problem with the kwp_angularapp package,
23 error not with npm itself.
23 error Tell the author that this fails on your system:
23 error     node server/server.js
23 error You can get information on how to open an issue for this project with:
23 error     npm bugs kwp_angularapp
23 error Or if that isn't available, you can get their info via:
23 error     npm owner ls kwp_angularapp
23 error There is likely additional logging output above.
24 verbose exit [ 1, true ]
